<?xml version="1.0" encoding="UTF-8"?>
<!-- Generated by org.testng.reporters.JUnitXMLReporter -->
<testsuite ignored="0" hostname="Mickey" failures="0" tests="7" name="Default test" time="109.119" errors="0" timestamp="2026-04-21T12:00:27 IST">
  <testcase classname="com.mock.hackathon.AdminPanel.tests.FormTest" name="testDropdownSelection" time="8.977"/>
  <testcase classname="com.mock.hackathon.AdminPanel.tests.FormTest" name="testDropdownSelection" time="9.543"/>
  <testcase classname="com.mock.hackathon.AdminPanel.tests.FormTest" name="testEmptyFormSubmission" time="8.529"/>
  <testcase classname="com.mock.hackathon.AdminPanel.tests.FormTest" name="testFormSubmission" time="7.759"/>
  <testcase classname="com.mock.hackathon.AdminPanel.tests.FormTest" name="testFormSubmission" time="13.402"/>
  <testcase classname="com.mock.hackathon.AdminPanel.tests.FormTest" name="testRadioAndCheckboxSelection" time="9.509"/>
  <testcase classname="com.mock.hackathon.AdminPanel.tests.FormTest" name="testRadioAndCheckboxSelection" time="10.056"/>
</testsuite> <!-- Default test -->
