<?xml version="1.0" encoding="UTF-8"?>
<testng-results ignored="0" total="7" passed="7" failed="0" skipped="0">
  <reporter-output>
  </reporter-output>
  <suite started-at="2026-04-21T11:58:38 IST" name="Default suite" finished-at="2026-04-21T12:00:27 IST" duration-ms="109119">
    <groups>
    </groups>
    <test started-at="2026-04-21T11:58:38 IST" name="Default test" finished-at="2026-04-21T12:00:27 IST" duration-ms="109119">
      <class name="com.mock.hackathon.AdminPanel.tests.FormTest">
        <test-method is-config="true" signature="setUp()[pri:0, instance:com.mock.hackathon.AdminPanel.tests.FormTest@443118b0]" started-at="2026-04-21T11:58:38 IST" name="setUp" finished-at="2026-04-21T11:58:46 IST" duration-ms="8559" status="PASS">
          <reporter-output>
          </reporter-output>
        </test-method> <!-- setUp -->
        <test-method signature="testDropdownSelection(java.lang.String,java.lang.String,java.lang.String,java.lang.String)[pri:0, instance:com.mock.hackathon.AdminPanel.tests.FormTest@443118b0]" started-at="2026-04-21T11:58:46 IST" name="testDropdownSelection" data-provider="formData" finished-at="2026-04-21T11:58:55 IST" duration-ms="8977" status="PASS">
          <params>
            <param index="0">
              <value>
                <![CDATA[mickey]]>
              </value>
            </param>
            <param index="1">
              <value>
                <![CDATA[pass123]]>
              </value>
            </param>
            <param index="2">
              <value>
                <![CDATA[Test comment 1]]>
              </value>
            </param>
            <param index="3">
              <value>
                <![CDATA[dd1]]>
              </value>
            </param>
          </params>
          <reporter-output>
          </reporter-output>
        </test-method> <!-- testDropdownSelection -->
        <test-method is-config="true" signature="tearDown()[pri:0, instance:com.mock.hackathon.AdminPanel.tests.FormTest@443118b0]" started-at="2026-04-21T11:58:55 IST" name="tearDown" finished-at="2026-04-21T11:58:55 IST" duration-ms="189" status="PASS">
          <reporter-output>
          </reporter-output>
        </test-method> <!-- tearDown -->
        <test-method is-config="true" signature="setUp()[pri:0, instance:com.mock.hackathon.AdminPanel.tests.FormTest@443118b0]" started-at="2026-04-21T11:58:55 IST" name="setUp" finished-at="2026-04-21T11:58:59 IST" duration-ms="3444" status="PASS">
          <reporter-output>
          </reporter-output>
        </test-method> <!-- setUp -->
        <test-method signature="testDropdownSelection(java.lang.String,java.lang.String,java.lang.String,java.lang.String)[pri:0, instance:com.mock.hackathon.AdminPanel.tests.FormTest@443118b0]" started-at="2026-04-21T11:58:59 IST" name="testDropdownSelection" data-provider="formData" finished-at="2026-04-21T11:59:08 IST" duration-ms="9543" status="PASS">
          <params>
            <param index="0">
              <value>
                <![CDATA[admin]]>
              </value>
            </param>
            <param index="1">
              <value>
                <![CDATA[admin123]]>
              </value>
            </param>
            <param index="2">
              <value>
                <![CDATA[Test comment 2]]>
              </value>
            </param>
            <param index="3">
              <value>
                <![CDATA[dd2]]>
              </value>
            </param>
          </params>
          <reporter-output>
          </reporter-output>
        </test-method> <!-- testDropdownSelection -->
        <test-method is-config="true" signature="tearDown()[pri:0, instance:com.mock.hackathon.AdminPanel.tests.FormTest@443118b0]" started-at="2026-04-21T11:59:08 IST" name="tearDown" finished-at="2026-04-21T11:59:09 IST" duration-ms="170" status="PASS">
          <reporter-output>
          </reporter-output>
        </test-method> <!-- tearDown -->
        <test-method is-config="true" signature="setUp()[pri:0, instance:com.mock.hackathon.AdminPanel.tests.FormTest@443118b0]" started-at="2026-04-21T11:59:09 IST" name="setUp" finished-at="2026-04-21T11:59:13 IST" duration-ms="4602" status="PASS">
          <reporter-output>
          </reporter-output>
        </test-method> <!-- setUp -->
        <test-method signature="testEmptyFormSubmission()[pri:0, instance:com.mock.hackathon.AdminPanel.tests.FormTest@443118b0]" started-at="2026-04-21T11:59:13 IST" name="testEmptyFormSubmission" finished-at="2026-04-21T11:59:22 IST" duration-ms="8529" status="PASS">
          <reporter-output>
          </reporter-output>
        </test-method> <!-- testEmptyFormSubmission -->
        <test-method is-config="true" signature="tearDown()[pri:0, instance:com.mock.hackathon.AdminPanel.tests.FormTest@443118b0]" started-at="2026-04-21T11:59:22 IST" name="tearDown" finished-at="2026-04-21T11:59:22 IST" duration-ms="165" status="PASS">
          <reporter-output>
          </reporter-output>
        </test-method> <!-- tearDown -->
        <test-method is-config="true" signature="setUp()[pri:0, instance:com.mock.hackathon.AdminPanel.tests.FormTest@443118b0]" started-at="2026-04-21T11:59:22 IST" name="setUp" finished-at="2026-04-21T11:59:26 IST" duration-ms="3926" status="PASS">
          <reporter-output>
          </reporter-output>
        </test-method> <!-- setUp -->
        <test-method signature="testFormSubmission(java.lang.String,java.lang.String,java.lang.String,java.lang.String)[pri:0, instance:com.mock.hackathon.AdminPanel.tests.FormTest@443118b0]" started-at="2026-04-21T11:59:26 IST" name="testFormSubmission" data-provider="formData" finished-at="2026-04-21T11:59:34 IST" duration-ms="7759" status="PASS">
          <params>
            <param index="0">
              <value>
                <![CDATA[mickey]]>
              </value>
            </param>
            <param index="1">
              <value>
                <![CDATA[pass123]]>
              </value>
            </param>
            <param index="2">
              <value>
                <![CDATA[Test comment 1]]>
              </value>
            </param>
            <param index="3">
              <value>
                <![CDATA[dd1]]>
              </value>
            </param>
          </params>
          <reporter-output>
          </reporter-output>
        </test-method> <!-- testFormSubmission -->
        <test-method is-config="true" signature="tearDown()[pri:0, instance:com.mock.hackathon.AdminPanel.tests.FormTest@443118b0]" started-at="2026-04-21T11:59:34 IST" name="tearDown" finished-at="2026-04-21T11:59:34 IST" duration-ms="159" status="PASS">
          <reporter-output>
          </reporter-output>
        </test-method> <!-- tearDown -->
        <test-method is-config="true" signature="setUp()[pri:0, instance:com.mock.hackathon.AdminPanel.tests.FormTest@443118b0]" started-at="2026-04-21T11:59:34 IST" name="setUp" finished-at="2026-04-21T11:59:42 IST" duration-ms="8469" status="PASS">
          <reporter-output>
          </reporter-output>
        </test-method> <!-- setUp -->
        <test-method signature="testFormSubmission(java.lang.String,java.lang.String,java.lang.String,java.lang.String)[pri:0, instance:com.mock.hackathon.AdminPanel.tests.FormTest@443118b0]" started-at="2026-04-21T11:59:42 IST" name="testFormSubmission" data-provider="formData" finished-at="2026-04-21T11:59:56 IST" duration-ms="13402" status="PASS">
          <params>
            <param index="0">
              <value>
                <![CDATA[admin]]>
              </value>
            </param>
            <param index="1">
              <value>
                <![CDATA[admin123]]>
              </value>
            </param>
            <param index="2">
              <value>
                <![CDATA[Test comment 2]]>
              </value>
            </param>
            <param index="3">
              <value>
                <![CDATA[dd2]]>
              </value>
            </param>
          </params>
          <reporter-output>
          </reporter-output>
        </test-method> <!-- testFormSubmission -->
        <test-method is-config="true" signature="tearDown()[pri:0, instance:com.mock.hackathon.AdminPanel.tests.FormTest@443118b0]" started-at="2026-04-21T11:59:56 IST" name="tearDown" finished-at="2026-04-21T11:59:56 IST" duration-ms="149" status="PASS">
          <reporter-output>
          </reporter-output>
        </test-method> <!-- tearDown -->
        <test-method is-config="true" signature="setUp()[pri:0, instance:com.mock.hackathon.AdminPanel.tests.FormTest@443118b0]" started-at="2026-04-21T11:59:56 IST" name="setUp" finished-at="2026-04-21T12:00:02 IST" duration-ms="6304" status="PASS">
          <reporter-output>
          </reporter-output>
        </test-method> <!-- setUp -->
        <test-method signature="testRadioAndCheckboxSelection(java.lang.String,java.lang.String,java.lang.String,java.lang.String)[pri:0, instance:com.mock.hackathon.AdminPanel.tests.FormTest@443118b0]" started-at="2026-04-21T12:00:02 IST" name="testRadioAndCheckboxSelection" data-provider="formData" finished-at="2026-04-21T12:00:12 IST" duration-ms="9509" status="PASS">
          <params>
            <param index="0">
              <value>
                <![CDATA[mickey]]>
              </value>
            </param>
            <param index="1">
              <value>
                <![CDATA[pass123]]>
              </value>
            </param>
            <param index="2">
              <value>
                <![CDATA[Test comment 1]]>
              </value>
            </param>
            <param index="3">
              <value>
                <![CDATA[dd1]]>
              </value>
            </param>
          </params>
          <reporter-output>
          </reporter-output>
        </test-method> <!-- testRadioAndCheckboxSelection -->
        <test-method is-config="true" signature="tearDown()[pri:0, instance:com.mock.hackathon.AdminPanel.tests.FormTest@443118b0]" started-at="2026-04-21T12:00:12 IST" name="tearDown" finished-at="2026-04-21T12:00:12 IST" duration-ms="245" status="PASS">
          <reporter-output>
          </reporter-output>
        </test-method> <!-- tearDown -->
        <test-method is-config="true" signature="setUp()[pri:0, instance:com.mock.hackathon.AdminPanel.tests.FormTest@443118b0]" started-at="2026-04-21T12:00:12 IST" name="setUp" finished-at="2026-04-21T12:00:16 IST" duration-ms="4683" status="PASS">
          <reporter-output>
          </reporter-output>
        </test-method> <!-- setUp -->
        <test-method signature="testRadioAndCheckboxSelection(java.lang.String,java.lang.String,java.lang.String,java.lang.String)[pri:0, instance:com.mock.hackathon.AdminPanel.tests.FormTest@443118b0]" started-at="2026-04-21T12:00:16 IST" name="testRadioAndCheckboxSelection" data-provider="formData" finished-at="2026-04-21T12:00:26 IST" duration-ms="10056" status="PASS">
          <params>
            <param index="0">
              <value>
                <![CDATA[admin]]>
              </value>
            </param>
            <param index="1">
              <value>
                <![CDATA[admin123]]>
              </value>
            </param>
            <param index="2">
              <value>
                <![CDATA[Test comment 2]]>
              </value>
            </param>
            <param index="3">
              <value>
                <![CDATA[dd2]]>
              </value>
            </param>
          </params>
          <reporter-output>
          </reporter-output>
        </test-method> <!-- testRadioAndCheckboxSelection -->
        <test-method is-config="true" signature="tearDown()[pri:0, instance:com.mock.hackathon.AdminPanel.tests.FormTest@443118b0]" started-at="2026-04-21T12:00:26 IST" name="tearDown" finished-at="2026-04-21T12:00:27 IST" duration-ms="209" status="PASS">
          <reporter-output>
          </reporter-output>
        </test-method> <!-- tearDown -->
      </class> <!-- com.mock.hackathon.AdminPanel.tests.FormTest -->
    </test> <!-- Default test -->
  </suite> <!-- Default suite -->
</testng-results>
