<?xml version="1.0" encoding="UTF-8"?>
<!-- Generated by org.testng.reporters.JUnitReportReporter -->
<testsuite hostname="Mickey" failures="0" tests="7" name="com.mock.hackathon.AdminPanel.tests.FormTest" time="109.048" errors="0" timestamp="2026-04-21T12:00:27 IST" skipped="0">
  <testcase classname="com.mock.hackathon.AdminPanel.tests.FormTest" name="testRadioAndCheckboxSelection" time="14.341"/>
  <testcase classname="com.mock.hackathon.AdminPanel.tests.FormTest" name="testDropdownSelection" time="13.176"/>
  <testcase classname="com.mock.hackathon.AdminPanel.tests.FormTest" name="testFormSubmission" time="18.163"/>
  <testcase classname="com.mock.hackathon.AdminPanel.tests.FormTest" name="testEmptyFormSubmission" time="17.243"/>
  <testcase classname="com.mock.hackathon.AdminPanel.tests.FormTest" name="testFormSubmission" time="16.483"/>
  <testcase classname="com.mock.hackathon.AdminPanel.tests.FormTest" name="testRadioAndCheckboxSelection" time="14.152"/>
  <testcase classname="com.mock.hackathon.AdminPanel.tests.FormTest" name="testDropdownSelection" time="15.490"/>
</testsuite> <!-- com.mock.hackathon.AdminPanel.tests.FormTest -->
